0 verbose cli /usr/local/bin/node /usr/local/bin/npm
1 info using npm@10.9.0
2 info using node@v22.12.0
3 silly config load:file:/usr/local/lib/node_modules/npm/npmrc
4 silly config load:file:/Users/dylan/punchify/.npmrc
5 silly config load:file:/Users/dylan/.npmrc
6 silly config load:file:/usr/local/etc/npmrc
7 verbose title npm config set cache .npm-cache
8 verbose argv "config" "set" "cache" ".npm-cache" "--location" "project"
9 verbose logfile logs-max:10 dir:/Users/dylan/punchify/.npm-cache/_logs/2025-08-16T00_57_11_620Z-
10 verbose logfile /Users/dylan/punchify/.npm-cache/_logs/2025-08-16T00_57_11_620Z-debug-0.log
11 silly logfile start cleaning logs, removing 1 files
12 info config set "cache" ".npm-cache"
13 silly logfile done cleaning log files
14 verbose cwd /Users/dylan/punchify
15 verbose os Darwin 24.5.0
16 verbose node v22.12.0
17 verbose npm  v10.9.0
18 verbose exit 0
19 info ok
